<?xml version="1.0" encoding="UTF-8"?>
<!-- Generated by org.testng.reporters.JUnitXMLReporter -->
<testsuite hostname="ARS-MSOFT-LAP" name="Default test" tests="9" failures="0" timestamp="4 Mar 2021 12:02:06 GMT" time="0.113" errors="0">
  <testcase name="@BeforeClass setup" time="0.0" classname="com.iBridge.sme.testcases.TC_InsufficientBridgeSme_01">
    <failure type="org.testng.TestNGException" message="
Parameter &amp;apos;browser&amp;apos; is required by @Configuration on method setup but has not been marked @Optional or defined
in /tmp/testng-eclipse-1528404305/testng-customsuite.xml">
      <![CDATA[org.testng.TestNGException: 
Parameter 'browser' is required by @Configuration on method setup but has not been marked @Optional or defined
in /tmp/testng-eclipse-1528404305/testng-customsuite.xml
	at org.testng.internal.Parameters.createParameters(Parameters.java:154)
	at org.testng.internal.Parameters.createParameters(Parameters.java:361)
	at org.testng.internal.Parameters.createConfigurationParameters(Parameters.java:84)
	at org.testng.internal.Invoker.invokeConfigurations(Invoker.java:201)
	at org.testng.internal.Invoker.invokeConfigurations(Invoker.java:142)
	at org.testng.internal.TestMethodWorker.invokeBeforeClassMethods(TestMethodWorker.java:178)
	at org.testng.internal.TestMethodWorker.run(TestMethodWorker.java:108)
	at org.testng.TestRunner.privateRun(TestRunner.java:782)
	at org.testng.TestRunner.run(TestRunner.java:632)
	at org.testng.SuiteRunner.runTest(SuiteRunner.java:366)
	at org.testng.SuiteRunner.runSequentially(SuiteRunner.java:361)
	at org.testng.SuiteRunner.privateRun(SuiteRunner.java:319)
	at org.testng.SuiteRunner.run(SuiteRunner.java:268)
	at org.testng.SuiteRunnerWorker.runSuite(SuiteRunnerWorker.java:52)
	at org.testng.SuiteRunnerWorker.run(SuiteRunnerWorker.java:86)
	at org.testng.TestNG.runSuitesSequentially(TestNG.java:1244)
	at org.testng.TestNG.runSuitesLocally(TestNG.java:1169)
	at org.testng.TestNG.run(TestNG.java:1064)
	at org.testng.remote.RemoteTestNG.run(RemoteTestNG.java:113)
	at org.testng.remote.RemoteTestNG.initAndRun(RemoteTestNG.java:206)
	at org.testng.remote.RemoteTestNG.main(RemoteTestNG.java:177)
]]>
    </failure>
  </testcase> <!-- @BeforeClass setup -->
  <testcase name="@AfterClass tearDown" time="0.0" classname="com.iBridge.sme.testcases.TC_InsufficientBridgeSme_01">
    <skipped/>
  </testcase> <!-- @AfterClass tearDown -->
  <testcase name="verifyInsufficientVerifier" time="0.014" classname="com.iBridge.sme.testcases.TC_InsufficientBridgeSme_01">
    <skipped/>
  </testcase> <!-- verifyInsufficientVerifier -->
  <testcase name="verifyInsufficientpendingForFulfilment" time="0.0" classname="com.iBridge.sme.testcases.TC_InsufficientBridgeSme_01">
    <skipped/>
  </testcase> <!-- verifyInsufficientpendingForFulfilment -->
  <testcase name="verifyInsufficiencyFulfillment" time="0.0" classname="com.iBridge.sme.testcases.TC_InsufficientBridgeSme_01">
    <skipped/>
  </testcase> <!-- verifyInsufficiencyFulfillment -->
  <testcase name="verifyInsufficientCasesPresentOrNot" time="0.0" classname="com.iBridge.sme.testcases.TC_InsufficientBridgeSme_01">
    <skipped/>
  </testcase> <!-- verifyInsufficientCasesPresentOrNot -->
  <testcase name="verifyCostApprovalRequiredInsufficient" time="0.0" classname="com.iBridge.sme.testcases.TC_InsufficientBridgeSme_01">
    <skipped/>
  </testcase> <!-- verifyCostApprovalRequiredInsufficient -->
  <testcase name="verifyApprovalRequiredInsufficient" time="0.0" classname="com.iBridge.sme.testcases.TC_InsufficientBridgeSme_01">
    <skipped/>
  </testcase> <!-- verifyApprovalRequiredInsufficient -->
  <testcase name="verifyAdminUserReasonInsufficientBoth" time="0.0" classname="com.iBridge.sme.testcases.TC_InsufficientBridgeSme_01">
    <skipped/>
  </testcase> <!-- verifyAdminUserReasonInsufficientBoth -->
  <testcase name="verifyApprovalRequiredAndInsufficientBoth" time="0.0" classname="com.iBridge.sme.testcases.TC_InsufficientBridgeSme_01">
    <skipped/>
  </testcase> <!-- verifyApprovalRequiredAndInsufficientBoth -->
  <testcase name="verifywithdrawCaseStatusClosedByClient" time="0.0" classname="com.iBridge.sme.testcases.TC_InsufficientBridgeSme_01">
    <skipped/>
  </testcase> <!-- verifywithdrawCaseStatusClosedByClient -->
</testsuite> <!-- Default test -->
